Build started 24.09.2013 12:23:08.
     1>Project "C:\Users\Till\Documents\GitHub\ballin-octo-dangerzone\VS Project\SDL 2D Engine\SDL 2D Engine.vcxproj" on node 2 (Build target(s)).
     1>ClCompile:
         C:\Program Files (x86)\Microsoft Visual Studio 11.0\VC\bin\CL.exe /c /IC:\sdl\include /ZI /nologo /W3 /WX- /Od /Oy- /D _MBCS /Gm /EHsc /RTC1 /MD /GS /fp:precise /Zc:wchar_t /Zc:forScope /Fo"Debug\\" /Fd"Debug\vc110.pdb" /Gd /TP /analyze- /errorReport:prompt Area.cpp Camera.cpp Enemy.cpp Entity.cpp EntityCol.cpp GameData.cpp MainGame.cpp MainGame_Cleanup.cpp MainGame_HandleEvent.cpp MainGame_Init.cpp MainGame_Loop.cpp MainGame_Render.cpp Player.cpp
         Camera.cpp
         Area.cpp
     1>c:\users\till\documents\github\ballin-octo-dangerzone\vs project\sdl 2d engine\area.cpp(73): warning C4244: 'argument' : conversion from 'int' to 'float', possible loss of data
     1>c:\users\till\documents\github\ballin-octo-dangerzone\vs project\sdl 2d engine\area.cpp(102): warning C4244: 'argument' : conversion from 'int' to 'float', possible loss of data
         Generating Code...
         Compiling...
         Player.cpp
         MainGame_Render.cpp
         MainGame_Loop.cpp
         MainGame_Init.cpp
         MainGame_HandleEvent.cpp
         MainGame_Cleanup.cpp
         MainGame.cpp
         GameData.cpp
         EntityCol.cpp
         Entity.cpp
     1>c:\users\till\documents\github\ballin-octo-dangerzone\vs project\sdl 2d engine\entity.cpp(81): warning C4244: 'argument' : conversion from 'float' to 'int', possible loss of data
         Enemy.cpp
     1>c:\users\till\documents\github\ballin-octo-dangerzone\vs project\sdl 2d engine\enemy.cpp(28): warning C4244: 'argument' : conversion from 'float' to 'int', possible loss of data
     1>c:\users\till\documents\github\ballin-octo-dangerzone\vs project\sdl 2d engine\enemy.cpp(33): warning C4244: 'argument' : conversion from 'float' to 'int', possible loss of data
         Generating Code...
       Link:
         C:\Program Files (x86)\Microsoft Visual Studio 11.0\VC\bin\link.exe /ERRORREPORT:PROMPT /OUT:"C:\Users\Till\Documents\GitHub\ballin-octo-dangerzone\VS Project\Debug\SDL 2D Engine.exe" /INCREMENTAL /NOLOGO /LIBPATH:C:\sdl\lib\x86 SDL.lib SDLmain.lib SDL_image.lib SDL_ttf.lib kernel32.lib user32.lib gdi32.lib winspool.lib comdlg32.lib advapi32.lib shell32.lib ole32.lib oleaut32.lib uuid.lib odbc32.lib odbccp32.lib /MANIFEST /MANIFESTUAC:"level='asInvoker' uiAccess='false'" /manifest:embed /DEBUG /PDB:"C:\Users\Till\Documents\GitHub\ballin-octo-dangerzone\VS Project\Debug\SDL 2D Engine.pdb" /SUBSYSTEM:WINDOWS /TLBID:1 /DYNAMICBASE /NXCOMPAT /IMPLIB:"C:\Users\Till\Documents\GitHub\ballin-octo-dangerzone\VS Project\Debug\SDL 2D Engine.lib" /MACHINE:X86 Debug\GameData.obj
         Debug\SpriteAnimator.obj
         Debug\MainGame.obj
         Debug\MainGame_Cleanup.obj
         Debug\MainGame_HandleEvent.obj
         Debug\MainGame_Init.obj
         Debug\MainGame_Loop.obj
         Debug\MainGame_Render.obj
         Debug\Area.obj
         Debug\Camera.obj
         Debug\Enemy.obj
         Debug\Entity.obj
         Debug\EntityCol.obj
         Debug\OSEventHandler.obj
         Debug\GameTimer.obj
         Debug\Player.obj
         Debug\ExtendedSurface.obj
         Debug\Tile.obj
         SDL 2D Engine.vcxproj -> C:\Users\Till\Documents\GitHub\ballin-octo-dangerzone\VS Project\Debug\SDL 2D Engine.exe
     1>Done Building Project "C:\Users\Till\Documents\GitHub\ballin-octo-dangerzone\VS Project\SDL 2D Engine\SDL 2D Engine.vcxproj" (Build target(s)).

Build succeeded.

Time Elapsed 00:00:11.41
