C:\USERS\TILL RIEMER\DOCUMENTS\GITHUB\BALLIN-OCTO-DANGERZONE\VS PROJECT\SDL 2D ENGINE\DEBUG\CANIMATION.OBJ
C:\USERS\TILL RIEMER\DOCUMENTS\GITHUB\BALLIN-OCTO-DANGERZONE\VS PROJECT\SDL 2D ENGINE\DEBUG\CAPP.OBJ
C:\USERS\TILL RIEMER\DOCUMENTS\GITHUB\BALLIN-OCTO-DANGERZONE\VS PROJECT\SDL 2D ENGINE\DEBUG\CAPP_ONCLEANUP.OBJ
C:\USERS\TILL RIEMER\DOCUMENTS\GITHUB\BALLIN-OCTO-DANGERZONE\VS PROJECT\SDL 2D ENGINE\DEBUG\CAPP_ONEVENT.OBJ
C:\USERS\TILL RIEMER\DOCUMENTS\GITHUB\BALLIN-OCTO-DANGERZONE\VS PROJECT\SDL 2D ENGINE\DEBUG\CAPP_ONINIT.OBJ
C:\USERS\TILL RIEMER\DOCUMENTS\GITHUB\BALLIN-OCTO-DANGERZONE\VS PROJECT\SDL 2D ENGINE\DEBUG\CAPP_ONLOOP.OBJ
C:\USERS\TILL RIEMER\DOCUMENTS\GITHUB\BALLIN-OCTO-DANGERZONE\VS PROJECT\SDL 2D ENGINE\DEBUG\CAPP_ONRENDER.OBJ
C:\USERS\TILL RIEMER\DOCUMENTS\GITHUB\BALLIN-OCTO-DANGERZONE\VS PROJECT\SDL 2D ENGINE\DEBUG\CAREA.OBJ
C:\USERS\TILL RIEMER\DOCUMENTS\GITHUB\BALLIN-OCTO-DANGERZONE\VS PROJECT\SDL 2D ENGINE\DEBUG\CCAMERA.OBJ
C:\USERS\TILL RIEMER\DOCUMENTS\GITHUB\BALLIN-OCTO-DANGERZONE\VS PROJECT\SDL 2D ENGINE\DEBUG\CENEMY.OBJ
C:\USERS\TILL RIEMER\DOCUMENTS\GITHUB\BALLIN-OCTO-DANGERZONE\VS PROJECT\SDL 2D ENGINE\DEBUG\CENTITY.OBJ
C:\USERS\TILL RIEMER\DOCUMENTS\GITHUB\BALLIN-OCTO-DANGERZONE\VS PROJECT\SDL 2D ENGINE\DEBUG\CENTITYCOL.OBJ
C:\USERS\TILL RIEMER\DOCUMENTS\GITHUB\BALLIN-OCTO-DANGERZONE\VS PROJECT\SDL 2D ENGINE\DEBUG\CEVENT.OBJ
C:\USERS\TILL RIEMER\DOCUMENTS\GITHUB\BALLIN-OCTO-DANGERZONE\VS PROJECT\SDL 2D ENGINE\DEBUG\CFPS.OBJ
C:\USERS\TILL RIEMER\DOCUMENTS\GITHUB\BALLIN-OCTO-DANGERZONE\VS PROJECT\SDL 2D ENGINE\DEBUG\CPLAYER.OBJ
C:\USERS\TILL RIEMER\DOCUMENTS\GITHUB\BALLIN-OCTO-DANGERZONE\VS PROJECT\SDL 2D ENGINE\DEBUG\CSURFACE.OBJ
C:\USERS\TILL RIEMER\DOCUMENTS\GITHUB\BALLIN-OCTO-DANGERZONE\VS PROJECT\SDL 2D ENGINE\DEBUG\CTILE.OBJ
C:\USERS\TILL RIEMER\DOCUMENTS\GITHUB\BALLIN-OCTO-DANGERZONE\VS PROJECT\SDL 2D ENGINE\DEBUG\VC110.PDB
C:\USERS\TILL RIEMER\DOCUMENTS\GITHUB\BALLIN-OCTO-DANGERZONE\VS PROJECT\DEBUG\SDL 2D ENGINE.ILK
C:\USERS\TILL RIEMER\DOCUMENTS\GITHUB\BALLIN-OCTO-DANGERZONE\VS PROJECT\DEBUG\SDL 2D ENGINE.EXE
C:\USERS\TILL RIEMER\DOCUMENTS\GITHUB\BALLIN-OCTO-DANGERZONE\VS PROJECT\DEBUG\SDL 2D ENGINE.PDB
C:\Users\Till Riemer\Documents\GitHub\ballin-octo-dangerzone\VS Project\SDL 2D Engine\Debug\CAnimation.obj
C:\Users\Till Riemer\Documents\GitHub\ballin-octo-dangerzone\VS Project\SDL 2D Engine\Debug\CApp.obj
C:\Users\Till Riemer\Documents\GitHub\ballin-octo-dangerzone\VS Project\SDL 2D Engine\Debug\CApp_OnCleanup.obj
C:\Users\Till Riemer\Documents\GitHub\ballin-octo-dangerzone\VS Project\SDL 2D Engine\Debug\CApp_OnEvent.obj
C:\Users\Till Riemer\Documents\GitHub\ballin-octo-dangerzone\VS Project\SDL 2D Engine\Debug\CApp_OnInit.obj
C:\Users\Till Riemer\Documents\GitHub\ballin-octo-dangerzone\VS Project\SDL 2D Engine\Debug\CApp_OnLoop.obj
C:\Users\Till Riemer\Documents\GitHub\ballin-octo-dangerzone\VS Project\SDL 2D Engine\Debug\CApp_OnRender.obj
C:\Users\Till Riemer\Documents\GitHub\ballin-octo-dangerzone\VS Project\SDL 2D Engine\Debug\CArea.obj
C:\Users\Till Riemer\Documents\GitHub\ballin-octo-dangerzone\VS Project\SDL 2D Engine\Debug\CCamera.obj
C:\Users\Till Riemer\Documents\GitHub\ballin-octo-dangerzone\VS Project\SDL 2D Engine\Debug\CEnemy.obj
C:\Users\Till Riemer\Documents\GitHub\ballin-octo-dangerzone\VS Project\SDL 2D Engine\Debug\CEntityCol.obj
C:\Users\Till Riemer\Documents\GitHub\ballin-octo-dangerzone\VS Project\SDL 2D Engine\Debug\CEvent.obj
C:\Users\Till Riemer\Documents\GitHub\ballin-octo-dangerzone\VS Project\SDL 2D Engine\Debug\CFPS.obj
C:\Users\Till Riemer\Documents\GitHub\ballin-octo-dangerzone\VS Project\SDL 2D Engine\Debug\CPlayer.obj
C:\Users\Till Riemer\Documents\GitHub\ballin-octo-dangerzone\VS Project\SDL 2D Engine\Debug\CSurface.obj
C:\Users\Till Riemer\Documents\GitHub\ballin-octo-dangerzone\VS Project\SDL 2D Engine\Debug\CTile.obj
C:\Users\Till Riemer\Documents\GitHub\ballin-octo-dangerzone\VS Project\SDL 2D Engine\Debug\cl.command.1.tlog
C:\Users\Till Riemer\Documents\GitHub\ballin-octo-dangerzone\VS Project\SDL 2D Engine\Debug\CL.read.1.tlog
C:\Users\Till Riemer\Documents\GitHub\ballin-octo-dangerzone\VS Project\SDL 2D Engine\Debug\CL.write.1.tlog
C:\Users\Till Riemer\Documents\GitHub\ballin-octo-dangerzone\VS Project\SDL 2D Engine\Debug\link-cvtres.read.1.tlog
C:\Users\Till Riemer\Documents\GitHub\ballin-octo-dangerzone\VS Project\SDL 2D Engine\Debug\link-cvtres.write.1.tlog
C:\Users\Till Riemer\Documents\GitHub\ballin-octo-dangerzone\VS Project\SDL 2D Engine\Debug\link-rc.read.1.tlog
C:\Users\Till Riemer\Documents\GitHub\ballin-octo-dangerzone\VS Project\SDL 2D Engine\Debug\link-rc.write.1.tlog
C:\Users\Till Riemer\Documents\GitHub\ballin-octo-dangerzone\VS Project\SDL 2D Engine\Debug\link.2904-cvtres.read.1.tlog
C:\Users\Till Riemer\Documents\GitHub\ballin-octo-dangerzone\VS Project\SDL 2D Engine\Debug\link.2904-cvtres.write.1.tlog
C:\Users\Till Riemer\Documents\GitHub\ballin-octo-dangerzone\VS Project\SDL 2D Engine\Debug\link.2904-rc.read.1.tlog
C:\Users\Till Riemer\Documents\GitHub\ballin-octo-dangerzone\VS Project\SDL 2D Engine\Debug\link.2904-rc.write.1.tlog
C:\Users\Till Riemer\Documents\GitHub\ballin-octo-dangerzone\VS Project\SDL 2D Engine\Debug\link.2904.read.1.tlog
C:\Users\Till Riemer\Documents\GitHub\ballin-octo-dangerzone\VS Project\SDL 2D Engine\Debug\link.2904.write.1.tlog
C:\Users\Till Riemer\Documents\GitHub\ballin-octo-dangerzone\VS Project\SDL 2D Engine\Debug\link.4364-cvtres.read.1.tlog
C:\Users\Till Riemer\Documents\GitHub\ballin-octo-dangerzone\VS Project\SDL 2D Engine\Debug\link.4364-cvtres.write.1.tlog
C:\Users\Till Riemer\Documents\GitHub\ballin-octo-dangerzone\VS Project\SDL 2D Engine\Debug\link.4364-rc.read.1.tlog
C:\Users\Till Riemer\Documents\GitHub\ballin-octo-dangerzone\VS Project\SDL 2D Engine\Debug\link.4364-rc.write.1.tlog
C:\Users\Till Riemer\Documents\GitHub\ballin-octo-dangerzone\VS Project\SDL 2D Engine\Debug\link.4364.read.1.tlog
C:\Users\Till Riemer\Documents\GitHub\ballin-octo-dangerzone\VS Project\SDL 2D Engine\Debug\link.4364.write.1.tlog
C:\Users\Till Riemer\Documents\GitHub\ballin-octo-dangerzone\VS Project\SDL 2D Engine\Debug\link.command.1.tlog
C:\Users\Till Riemer\Documents\GitHub\ballin-octo-dangerzone\VS Project\SDL 2D Engine\Debug\link.read.1.tlog
C:\Users\Till Riemer\Documents\GitHub\ballin-octo-dangerzone\VS Project\SDL 2D Engine\Debug\link.write.1.tlog
C:\Users\Till Riemer\Documents\GitHub\ballin-octo-dangerzone\VS Project\SDL 2D Engine\Debug\vc110.idb
C:\Users\Till Riemer\Documents\GitHub\ballin-octo-dangerzone\VS Project\SDL 2D Engine\Debug\vc110.pdb
C:\Users\Till Riemer\Documents\GitHub\ballin-octo-dangerzone\VS Project\Debug\SDL 2D Engine.pdb
C:\Users\Till Riemer\Documents\GitHub\ballin-octo-dangerzone\VS Project\Debug\SDL 2D Engine.exe
C:\Users\Till Riemer\Documents\GitHub\ballin-octo-dangerzone\VS Project\Debug\SDL 2D Engine.ilk
